(---------------------------------------------------------------------)
(                                                                     )
(    Allegro Netrev Import Logic                                      )
(                                                                     )
(    Drawing          : LED1.brd                                      )
(    Software Version : 16.6P004                                      )
(    Date/Time        : Tue Nov 15 13:51:51 2016                      )
(                                                                     )
(---------------------------------------------------------------------)


------ Directives ------

RIPUP_ETCH FALSE;
RIPUP_DELETE_FIRST_SEGMENT FALSE;
RIPUP_RETAIN_BONDWIRE FALSE;
RIPUP_SYMBOLS ALWAYS;
Missing symbol has error FALSE;
SCHEMATIC_DIRECTORY 'C:\A_2012041067\1115\allegro';
BOARD_DIRECTORY '';
OLD_BOARD_NAME 'C:/A_2012041067/1115/allegro/LED1.brd';
NEW_BOARD_NAME 'LED2.brd';

CmdLine: netrev.exe -y 1 -i C:\A_2012041067\1115\allegro C:\A_2012041067\1115\allegro\LED1.brd C:\A_2012041067\1115\allegro\LED2.brd

------ Preparing to read pst files ------

Starting to read C:/A_2012041067/1115/allegro/pstchip.dat 
   Finished reading C:/A_2012041067/1115/allegro/pstchip.dat (00:00:00.03)
Starting to read C:/A_2012041067/1115/allegro/pstxprt.dat 
   Finished reading C:/A_2012041067/1115/allegro/pstxprt.dat (00:00:00.00)
Starting to read C:/A_2012041067/1115/allegro/pstxnet.dat 
   Finished reading C:/A_2012041067/1115/allegro/pstxnet.dat (00:00:00.00)

------ Oversights/Warnings/Errors ------


------ Library Paths ------
MODULEPATH =  . 
           C:/Cadence/SPB_16.6/share/local/pcb/modules 

PSMPATH =  C:/Cadence/SPB_16.6/tools/capture/library/ 
           . 
           symbols 
           .. 
           ../symbols 
           C:/Cadence/SPB_16.6/share/local/pcb/symbols 
           C:/Cadence/SPB_16.6/share/pcb/pcb_lib/symbols 
           C:/Cadence/SPB_16.6/share/pcb/allegrolib/symbols 

PADPATH =  . 
           symbols 
           .. 
           ../symbols 
           C:/Cadence/SPB_16.6/share/local/pcb/padstacks 
           C:/Cadence/SPB_16.6/share/pcb/pcb_lib/symbols 
           C:/Cadence/SPB_16.6/share/pcb/allegrolib/symbols 
           C:/Cadence/SPB_16.6/tools/capture/library/ 


------ Summary Statistics ------


netrev run on Nov 15 13:51:51 2016
   DESIGN NAME : 'LED'
   PACKAGING ON Sep 10 2012 04:46:09

   COMPILE 'logic'
   CHECK_PIN_NAMES OFF
   CROSS_REFERENCE OFF
   FEEDBACK OFF
   INCREMENTAL OFF
   INTERFACE_TYPE PHYSICAL
   MAX_ERRORS 500
   MERGE_MINIMUM 5
   NET_NAME_CHARS '#%&()*+-./:=>?@[]^_`|'
   NET_NAME_LENGTH 24
   OVERSIGHTS ON
   REPLACE_CHECK OFF
   SINGLE_NODE_NETS ON
   SPLIT_MINIMUM 0
   SUPPRESS   20
   WARNINGS ON

 No error detected
 No oversight detected
 No warning detected

cpu time      0:00:20
elapsed time  0:00:00

